Nc1ncnc2c1ncn2C1OC(COP(=O)(O)OC2C(COP(=O)(O)OC3C(O)C(O)OC(n4cnc5c(N)ncnc54)C3O)OC(COP(=O)(O)O)C2O)C(O)C1O: -11.9, 1
Nc1ncnc2c1ncn2C1OC(COP(=O)(O)OC2C(COP(=O)(O)OC3C(COP(=O)(O)O)OC(n4cnc5c(N)ncnc54)C3O)OC(COP(=O)(O)O)C2O)C(O)C1O: -11.7, 1
Nc1ncnc2c1ncn2C1OC(COP2(=O)OOP(=O)(O)OP(=O)(O)OP(=O)(O)O2)C(O)C1O: -11.6, 1
Nc1ncnc2c1ccn2C1OC(COP(=O)(O)OP(=O)(O)OCC2OC(n3cnc4c(N)ncnc43)C(O)C2O)C(O)C1O: -11.5, 1
Nc1ncnc2c1ncn2C1OC(COP(=O)(O)OC2C(COP(O)O)OC(n3cnc4c(N)ncnc34)C(OP(=O)(O)O)C2O)C(O)C1O: -11.5, 1
Nc1ncnc2c1ncn2C1OC(COP(=O)(O)OP(=O)(O)OP(=O)(O)OP(=O)(O)OP(=O)(O)OP(=O)(O)OCC2OC(n3cnc4c(N)ncnc43)C(O)C2O)C(O)C1O: -11.5, 1
O=C1CC(=O)N(C2OC(COP(=O)(O)OP(=O)(O)OCC3OC(n4cnc5c(N)ncnc54)C(O)C3O)C(O)C2O)C1O: -11.5, 1
NC(=O)C1=CN(C2OC(COP(=O)(O)OP(=O)(O)OCC3OC(n4cnc5c(N)ncnc54)C(O)C3O)C(O)C2O)c2ocnc21: -11.4, 1
Nc1ncnc2c1ncn2C1OC(COP(=O)(O)OC2C(COP(=O)(O)OC3C(COP(=O)(O)O)OC(n4cnc5c(N)ncnc54)C3O)C(O)C2O)C(O)C1O: -11.4, 1
Nc1ncnc2c1ncn2C1OC(COP(=O)(O)OC2C(COP(=O)(O)OC3C(COP(=O)(O)O)OC(n4cnc5c(N)ncnc54)n3)C(O)C2O)C(O)C1O: -11.3, 1
Nc1ncnc2c1ncn2C1OC(COP(=O)(O)OC2C(COP(=O)(O)OP(=O)(O)O)OC(n3cnc4c(N)ncnc43)C2O)C(O)C1O: -11.3, 7
Nc1ncnc2c1ncn2C1OC(COP(=O)(O)OC2C(O)C(COP(=O)(O)O)OC(n3cnc4c(N)ncnc43)C(O)C2O)C(O)C1O: -11.3, 2
Nc1ncnc2c1ncn2C1OC(COP2(=O)OOP(=O)(O)OP(=O)(O)O[PH]=C2O)C(O)C1O: -11.3, 1
Nc1ncnc2c1ncn2C1OC(COP(=O)(O)OC2C(COP(=O)(O)O)OC(n3cnc4c(N)ncnc43)C2O)C(O)C1O: -11.2, 55
Nc1ncnc2c1ncn2C1OC(COP(=O)(O)OP(=O)(O)OCC2OC(n3cnc4c(N)ncnc43)C(O)C2O)C(O)C1O: -11.2, 3
NC(=O)C1=CN(C2OC(COP(=O)(O)OP(=O)(O)OCC3OC(n4cnc5c(N)ncnc54)C(O)C3O)C(O)C2O)c2nccnc21: -11.1, 1
Nc1ncnc2c1ncn2C1OC(COP(=O)(O)OC2C(COP(=O)(O)OC3C(COP(=O)(O)O)OC(n4cnc5c(N)ncnc54)C3O)C(OP(=O)(O)O)C2O)C(O)C1O: -11.1, 2
Nc1ncnc2c1ncn2C1OC(COP(=O)(O)OC2C(COP(=O)(O)OC3C(O)C(COP(=O)(O)O)OC3n3cnc4c(N)ncnc43)C(O)C2O)C(O)C1O: -11.1, 1
Nc1ncnc2c1ncn2C1OC(COP(=O)(O)OC2C(COP(O)O)OC(n3ccc4c(N)ncnc43)C2O)C(O)C1O: -11.1, 1
Nc1nc2c(ncn2C2OC(COP(=O)(O)OC3C(COP(O)O)OC(n4cnc5c(N)ncnc54)C3O)C(O)C2O)c2[nH]c3ccccc3c21: -11.0, 1
Nc1ncnc2c1ccn2C1OC(COP(=O)(O)OC2C(COP(=O)(O)O)OC(n3cnc4c(N)ncnc43)C2O)C(O)C1O: -11.0, 1
Nc1ncnc2c1ncn2C1OC(COP(=O)(O)OC2C(CO)OC(n3cnc4c(N)ncnc43)C(O)C2O)C(OP(=O)(O)O)C1O: -11.0, 1
Nc1ncnc2c1ncn2C1OC(COP(=O)(O)OC2C(COP(O)O)OC(n3cnc4c(N)ncnc43)C(O)C2O)C(O)C1O: -11.0, 2
Nc1ncnc2c1ncn2C1OC(COP(=O)(O)OC2C(O)C(O)OP(=O)(O)OC3C(O)C(COP(=O)(O)OP(=O)(O)O)OC32)C(O)C1O: -11.0, 1
Nc1ncnc2c1ncn2C1OC(COP(=O)(O)NP(=O)(O)OP(=O)(O)OCC2OC(n3cnc4c(N)ncnc43)C(O)C2O)C(O)C1O: -10.9, 1
Nc1ncnc2c1ncn2C1OC(COP(=O)(O)O)C(OP(=O)(O)OCC2OC(n3cnc4c(N)ncnc43)C(O)C2OP(=O)(O)O)C1O: -10.9, 2
Nc1ncnc2c1ncn2C1OC(COP(=O)(O)OC(=O)C2NC(=O)NC2C(=O)O)C(O)C1O: -10.9, 1
Nc1ncnc2c1ncn2C1OC(COP(=O)(O)OC2C(COP(=O)(O)O)OC(n3cnc4c(N)ncnc43)C2O)C(OP(=O)(O)O)C1O: -10.9, 3
Nc1ncnc2c1ncn2C1OC(COP(=O)(O)OC2C(COP(=O)(O)OC3C(O)C(CO)OC(n4cnc5c(N)ncnc54)C3O)OC(n3ccc4c(N)ncnc43)C2O)C(O)C1O: -10.9, 1
Nc1ncnc2c1ncn2C1OC(COP(=O)(O)OC2C(COP(O)OC3C(O)C(CO)OC3n3cnc4c(N)ncnc43)C(O)C2OP(=O)(O)O)C(O)C1O: -10.9, 1
Nc1ncnc2c1ncn2C1OC(COP(=O)(O)OC2C(O)C(CO)OC(n3cnc4c(N)ncnc43)C(O)C2OP(=O)(O)O)C(O)C1O: -10.9, 1
Nc1ncnc2c1ncn2C1OC(COP(=O)(O)OP(=O)(O)OCC2OC(OC3C(O)C(O)OC3n3cnc4c(N)ncnc43)C(O)C2O)C(O)C1O: -10.9, 1
Nc1ncnc2c1ncn2C1OC(COP(=O)(O)OP(=O)(O)OP(=O)(O)OCC2OC(n3cnc4c(N)ncnc43)C(OP(=O)(O)O)C2O)C(O)C1O: -10.9, 1
O=P(O)(O)C(O)(Cc1c[nH]c2ccccc12)P(=O)(O)OCC1OC(n2cnc3c(N)ncnc32)C(O)C1O: -10.9, 1
CC1OC(n2cnc3c(N)ncnc32)C(OP(=O)(O)OP(=O)(O)OCC2OC(n3cnc4c(N)ncnc43)C(O)C2O)C1O: -10.8, 1
Nc1ncnc2c1ncn2C1OC(COP(=O)(O)OC2C(COP(=O)(O)O)OC(n3cnc4c(N)ncnc34)C2O)C(O)C1O: -10.8, 1
Nc1ncnc2c1ncn2C1OC(COP(=O)(O)OC2C(COP(=O)(O)OC3C(COP(=O)(O)O)OC(n4cnc5c(N)ncnc54)C3O)OC(n3cnc4c(N)ncnc34)C2O)C(O)C1O: -10.8, 3
Nc1ncnc2c1ncn2C1OC(COP(=O)(O)OC2C(COP(O)O)OC(n3cnc4c(N)ncnc43)C2O)C(O)C1O: -10.8, 3
Nc1ncnc2c1ncn2C1OC(COP(=O)(O)OC2C(O)C(COP(=O)(O)O)OC2n2cnc3c(N)ncnc32)C(O)C1O: -10.8, 11
Nc1ncnc2c1ncn2C1OC(COP(=O)(O)OC2C(O)C(COP(=O)(O)OP(=O)(O)O)OC(n3cnc4c(N)ncnc43)C2O)C(O)C1O: -10.8, 1
Nc1ncnc2c1ncn2C1OC(COP(=O)(O)OP(=O)(O)OCC2OC(n3cnc4c(N)ncnc43)C(OP(=O)(O)O)C2O)C(O)C1O: -10.8, 1
Nc1ncnc2c1ncn2C1OC(CO[P+]2(O)OP(=O)(O)OP(=O)(O)O2)C(O)C1O: -10.8, 2
Nc1ncnc2c1ncn2C1OC(COP(=O)(O)OP(=O)(O)OP(=O)(O)OP(=O)(O)OCC2OC(n3cnc4c(N)ncnc43)C(O)C2O)C(O)C1O: -10.7, 8
Nc1ncnc2c1ncn2C1OC(OC2C(COP(=O)(O)OC3C(COP(=O)(O)O)OC(n4cnc5c(N)ncnc54)C3O)OC(n3cnc4c(N)ncnc43)C2O)C(O)C1O: -10.7, 1
O=P(O)(O)C(O)(Cc1cnc2ccccc2c1)P(=O)(O)OC1C(CO)OC(n2cnc3c(N)ncnc32)C(O)C1O: -10.7, 1
CC1OC(n2cnc3c(N)ncnc32)C(O)C1OP(=O)(O)OCC1OC(n2ccc3c(N)ncnc32)C(O)C1OP(=O)(O)O: -10.6, 1
CC1OC(n2cnc3c(N)ncnc32)C(OP(=O)(O)OP(=O)(O)OCC2OC(n3cnc4c(N)ncnc43)C(O)C2OP(=O)(O)O)C1O: -10.6, 1
Nc1ncnc2c1ncn2C1OC(C2C(COP(=O)(O)O)OC(n3cnc4c(N)ncnc43)C2O)C(O)C1O: -10.6, 1
Nc1ncnc2c1ncn2C1OC(COP(=O)(O)OC2C(COP(=O)(O)OC3C(COP(O)O)OC(n4cnc5c(N)ncnc54)C3O)OC(n3cnc4c(N)ncnc43)C2O)C(O)C1O: -10.6, 2
Nc1ncnc2c1ncn2C1OC(COP(=O)(O)OC2C(COP(=O)(O)OP(=O)(O)O)OC3C(O)OC2C3O)C(O)C1O: -10.6, 1
Nc1ncnc2c1ncn2C1OC(COP(=O)(O)OC2C(COP(O)O)OC(n3cnc4c(N)ncnc43)C(OP(=O)(O)O)C2O)C(O)C1O: -10.6, 1
Nc1ncnc2c1ncn2C1OC(COP2(=O)OOP(=O)(O)OP(=O)(O)O2)C(O)C1O: -10.6, 19
CC(=O)NC1C(O)CC(OP(=O)(O)OCC2OC(n3cnc4c(N)ncnc43)C(O)C2OP(=O)(O)O)C1O: -10.5, 1
CC1OC(n2cnc3c(N)ncnc32)C(O)C1OP(=O)(O)OCC1OC(n2cnc3c(N)ncnc32)C(O)C1OP(=O)(O)O: -10.5, 3
Nc1ncnc2c1ncn2C1OC(COP(=O)(O)OC2C(CO)OC(n3ccc4c(N)ncnc43)C(O)C2OP(=O)(O)O)C(O)C1O: -10.5, 4
Nc1ncnc2c1ncn2C1OC(COP(=O)(O)OC2C(COP(=O)(O)O)OC(n3ccc4c(N)ncnc43)C(O)C2OP(=O)(O)O)C(O)C1O: -10.5, 1
Nc1ncnc2c1ncn2C1OC(COP(=O)(O)OC2C(COP(=O)(O)O)OC(n3ccc4c(N)ncnc43)C2O)C(O)C1O: -10.5, 3
Nc1ncnc2c1ncn2C1OC(COP(=O)(O)OC2C(COP(=O)(O)OP(=O)(O)OP(=O)(O)O)OC(n3cnc4c(N)ncnc43)C2O)C(O)C1O: -10.5, 2
Nc1ncnc2c1ncn2C1OC(COP(=O)(O)OC2C(COP(O)O)OC(n3cnc4c(N)ncnc43)C(O)C2OP(=O)(O)O)C(O)C1O: -10.5, 1
Nc1ncnc2c1ncn2C1OC(OP(=O)(O)OC2C(COP(=O)(O)O)OC(n3cnc4c(N)ncnc43)C2O)C(O)C1O: -10.5, 1
O=C(O)C1OC(OP(=O)(O)OP(=O)(O)OCC2OC(n3cnc4c(=O)[nH]c(N)nc43)C(O)C2O)C(O)C1O: -10.5, 4
O=P(O)(O)C(O)(Cc1ccc2ccccc2c1)P(=O)(O)OCC1OC(n2cnc3c(N)ncnc32)C(O)C1O: -10.5, 1
CC1OC(OP(=O)(O)OP(=O)(O)OCC2OC(n3cnc4c(N)ncnc43)C(O)C2O)C(O)C(O)C1N: -10.4, 3
NC(=O)c1cn2c(n1)C(O)C(O)C2OP(=O)(O)OCC1OC(n2cnc3c(N)ncnc32)C(O)C1O: -10.4, 1
Nc1ncnc2c1ncn2C1OC(COP(=O)(O)OC2C(COP(=O)(O)O)OC(n3cnc4c(N)ncnc43)C(O)C2OP(=O)(O)O)C(O)C1O: -10.4, 3
Nc1ncnc2c1ncn2C1OC(COP(=O)(O)OC2C(COP3(=O)O)CC(OP(=O)(O)O)OC3C(O)OC(C(N)O)C2O)C(O)C1O: -10.4, 1
Nc1ncnc2c1ncn2C1OC(COP(=O)(O)OC2C(O)C(COP(=O)(O)OP(=O)(O)O)OC2n2cnc3c(N)ncnc32)C(O)C1O: -10.4, 1
Nc1ncnc2c1ncn2C1OC(COP(=O)(O)OP(=O)(O)OCC2OC(N3C=CC=C3)C(O)C2O)C(O)C1O: -10.4, 1
Nc1ncnc2c1ncn2C1OC(COP2(=O)OOP(=O)(O)OP(=O)(O)O2)C(OP(=O)(O)O)C1O: -10.4, 1
Nc1ncnc2c1ncn2C1OC2COP(=O)(O)OC2C1OC1OC(COP(=O)(O)O)C(O)C1O: -10.4, 2
O=C(O)C1OC(OP(=O)(O)OCC2OC(n3cnc4c(N)ncnc43)C(O)C2O)C(O)C(O)C1O: -10.4, 1
O=C1OC(COP(=O)(O)OP(=O)(O)OCC2OC(n3cnc4c(N)ncnc43)C(O)C2OP(=O)(O)O)C(O)C1O: -10.4, 1
O=P(O)(O)C(O)(Cc1cccc2ccccc12)P(=O)(O)OCC1OC(n2cnc3c(N)ncnc32)C(O)C1O: -10.4, 1
CC(c1ccccc1)P(=O)(O)OP(=O)(O)OP(=O)(O)OCC1OC(n2cnc3c(N)ncnc32)C(O)C1O: -10.3, 1
CC1OC(OP(=O)(O)OP(=O)(O)OCC2OC(n3cnc4c(N)ncnc43)C(O)C2O)C(N)C(O)C1O: -10.3, 1
CC1OC(OP(=O)(O)OP(=O)(O)OCC2OC(n3cnc4c(N)ncnc43)C(O)C2OP(=O)(O)O)C(O)C1O: -10.3, 2
CC1OC(n2cnc3c(N)ncnc32)C(OP(=O)(O)OP(=O)(O)OCC2OC(n3cnc4c(N)ncnc43)C(O)C2O)C1N: -10.3, 1
CCOP(=O)(O)OC1C(O)C(COP(=O)(O)OP(=O)(O)OCC2OC(n3cnc4c(N)ncnc43)C(O)C2OP(=O)(O)O)C(OP(=O)(O)O)C1O: -10.3, 1
Nc1ncnc2c1ncn2C1OC(C2OC2COP(=O)(O)OC2C(O)C(O)C(O)C2O)C(O)C1OP(=O)(O)O: -10.3, 1
Nc1ncnc2c1ncn2C1OC(COP(=O)(O)OC(=O)C(N)C2OC(O)C(O)C2O)C(O)C1O: -10.3, 1
Nc1ncnc2c1ncn2C1OC(COP(=O)(O)OC2C(CO)OC(n3ccc4c(N)ncnc43)C(OP(=O)(O)O)C2O)C(O)C1O: -10.3, 1
Nc1ncnc2c1ncn2C1OC(COP(=O)(O)OC2C(CO)OC(n3cnc4c(N)ncnc43)C(O)C2OP(=O)(O)O)C(O)C1O: -10.3, 13
Nc1ncnc2c1ncn2C1OC(COP(=O)(O)OC2C(COP(=O)(O)OC3C(COP(=O)(O)O)OC(n4cnc5c(N)ncnc54)C3OP(=O)(O)O)C(O)C2O)C(O)C1O: -10.3, 1
Nc1ncnc2c1ncn2C1OC(COP(=O)(O)OC2C(COP(O)O)OC(n3ccc4c(N)ncnc43)C(O)C2OP(=O)(O)O)C(O)C1O: -10.3, 2
Nc1ncnc2c1ncn2C1OC(COP(=O)(O)OC2C(O)C(COP(=O)(O)O)OC2n2cccn2)C(O)C1O: -10.3, 1
Nc1ncnc2c1ncn2C1OC(COP(=O)(O)OC2C(O)C(O)C(O)C(O)C2O)C(O)C1O: -10.3, 16
Nc1ncnc2c1ncn2C1OC(COP(=O)(O)OC2C(O)COP(=O)(O)OP(=O)(O)O2)C(O)C1O: -10.3, 2
Nc1ncnc2c1ncn2C1OC(COP(=O)(O)OP(=O)(O)OC2OC(C(=O)O)C(O)C2O)C(O)C1O: -10.3, 1
Nc1ncnc2c1ncn2C1OC(COP(=O)(O)OP(=O)(O)OCC2OCC(O)C2OP(=O)(O)O)C(O)C1O: -10.3, 2
Nc1ncnc2c1ncn2C1OC(COP(=O)(O)OP(=O)(O)OP(=O)(O)OCC2OC(n3cnc4c(N)ncnc43)C(O)C2O)C(O)C1O: -10.3, 49
Nc1ncnc2c1ncn2C1OC2(COP(=O)(O)OP(=O)(O)OP(=O)(O)O2)C(O)C1O: -10.3, 1
O=C1NC(O)C(COP(=O)(O)OP(=O)(O)OCC2OC(n3cnc4c(N)ncnc43)C(O)C2O)C(=O)N1: -10.3, 1
O=P(O)(O)OCC1OC(n2cnc3c(OP(=O)(O)OC4C(O)C(O)C(O)C4O)ncnc32)C(O)C1O: -10.3, 1
P(=O)(O)OC1OC(COP(=O)(O)OP(=O)(O)OCC2OC(n3cnc4c(N)ncnc43)C(O)C2O)C(O)C1O: -10.3, 5
CC1OC(OP(=O)(O)OP(=O)(O)OCC2OC(n3cnc4c(N)ncnc43)C(O)C2O)C(O)C(O)C1O: -10.2, 10
Nc1nc2[nH]c(-c3ccccc3)c(COP(=O)(O)OP(=O)(O)OCC3OC(n4cnc5c(N)ncnc54)C(O)C3O)c2[nH]1: -10.2, 1
Nc1ncnc2c1ncn2C1OC(COP(=O)(O)NC(=O)C2C=CC=C2)C(O)C1O: -10.2, 1
Nc1ncnc2c1ncn2C1OC(COP(=O)(O)OC(=O)CC2NC(O)C(O)C2O)C(O)C1O: -10.2, 1
Nc1ncnc2c1ncn2C1OC(COP(=O)(O)OC2C(COP(O)O)OC(n3cnc4c(N)ncnc34)C2O)C(O)C1O: -10.2, 1
Nc1ncnc2c1ncn2C1OC(COP(=O)(O)OC2C(O)C(C)C(O)C2O)C(O)C1O: -10.2, 1
Nc1ncnc2c1ncn2C1OC(COP(=O)(O)OC2C(O)C(O)OC2(O)CO)C(OP(=O)(O)O)C1O: -10.2, 1
Nc1ncnc2c1ncn2C1OC(COP(=O)(O)OP(=O)(O)OCC2CC(O)C(N)C2O)C(O)C1O: -10.2, 1
Nc1ncnc2c1ncn2C1OC(COP(=O)(O)OP(=O)(O)OCC2OC(O)C(O)C2O)C(O)C1OP(=O)(O)O: -10.2, 10
Nc1ncnc2c1ncn2C1OC(COP(=O)(O)OP(=O)(O)OCC2OCC(O)C2O)C(O)C1OP(=O)(O)O: -10.2, 57
Nc1ncnc2c1ncn2C1OC(COP(=O)(O)OP(=O)(O)OP(=O)(O)OCC2OC(=O)C(=O)C2)C(O)C1O: -10.2, 1
O=CNC1OC(COP(=O)(O)OP(=O)(O)OCC2OC(n3cnc4c(N)ncnc43)C(O)C2O)C(O)C1O: -10.2, 1
O=P(O)(O)C(O)(Cc1ccccc1)P(=O)(O)OCC1OC(n2cnc3c(N)ncnc32)C(O)C1O: -10.2, 3
CC1OC(CC2C(COP(=O)(O)OP(=O)(O)O)OC(n3cnc4c(N)ncnc43)C2O)C(O)C1O: -10.1, 1
Nc1nc2c(ncn2C2OC(COP(=O)(O)OP(=O)(O)O)C(OP(=O)(O)OP(=O)(O)O)C2O)c(=O)[nH]1: -10.1, 5
Nc1ncnc2c1ncn2C1OC(C2CC(O)C(COP(=O)(O)OP(=O)(O)O)O2)C(O)C1O: -10.1, 1
Nc1ncnc2c1ncn2C1OC(COP(=O)(O)NC(=O)C2CC(=O)NC2=O)C(O)C1O: -10.1, 1
Nc1ncnc2c1ncn2C1OC(COP(=O)(O)NC2CC(O)C(N)C2O)C(O)C1O: -10.1, 1
Nc1ncnc2c1ncn2C1OC(COP(=O)(O)OC2C(COP(=O)(O)O)OC(c3cccc(C#N)c3)C2O)C(O)C1O: -10.1, 1
Nc1ncnc2c1ncn2C1OC(COP(=O)(O)OC2C(O)C(COP(=O)(O)O)OC(n3cnc4c(N)ncnc43)C2O)C(O)C1O: -10.1, 6
Nc1ncnc2c1ncn2C1OC(COP(=O)(O)OP(=O)(O)OC2C(O)C(O)OC2)C(O)C1O: -10.1, 1
Nc1ncnc2c1ncn2C1OC(COP(=O)(O)OP(=O)(O)OP(=O)(O)OCC2OC(=O)C(O)C2O)C(O)C1O: -10.1, 1
Nc1ncnc2c1ncn2C1OC(COP(=O)(O)OP(=O)(O)OP(=O)(O)OCC2OC(N)C(O)C2O)C(O)C1O: -10.1, 1
Nc1ncnc2c1ncn2C1OC(COP2(=O)OOP(=O)(O)O2)C(OP(=O)(O)O)C1O: -10.1, 2
Nc1ncnc2c1ncn2C1OC(COP2(=O)OOP(=O)(O)OP(=O)(O)O2)C(O)C1OP(=O)(O)O: -10.1, 1
O=C(CC1OC(OP(=O)(O)OP(=O)(O)OCC2OC(n3cnc4c(=O)[nH]c(N)nc43)C(O)C2O)C(O)C1O)C(O)C=O: -10.1, 1
O=P1(O)OC(COP(=O)(O)OP(=O)(O)OCC2OC(n3cnc4c(N)ncnc43)C(O)C2OP(=O)(O)O)C1O: -10.1, 2
c1ccc(C=CC(=O)NC2C(COP(=O)(O)O)OC(n3cnc4c(N)ncnc43)C2O)cc1: -10.1, 1
Nc1nc2c(ncn2C2OC(COP(=O)(O)OP(=O)(O)OP(=O)(O)O)C(O)C2O)c(=O)[nH]1: -10.0, 268
Nc1ncnc2c1ncn2C1OC(CO)C(=O)C1NC(=O)C1OC(COP(=O)(O)O)C(O)C1O: -10.0, 1
Nc1ncnc2c1ncn2C1OC(COP(=O)(O)NP(=O)(O)OCC2OC(O)C(O)C2O)C(O)C1O: -10.0, 1
Nc1ncnc2c1ncn2C1OC(COP(=O)(O)OC(=O)C2NC(C(=O)O)C(O)C2O)C(O)C1O: -10.0, 1
Nc1ncnc2c1ncn2C1OC(COP(=O)(O)OC2C(O)C(O)OC2O)C(O)C1O: -10.0, 2
Nc1ncnc2c1ncn2C1OC(COP(=O)(O)OC2C(O)OC(COP(=O)(O)OP(=O)(O)O)C(O)C2O)C(O)C1O: -10.0, 1
Nc1ncnc2c1ncn2C1OC(COP(=O)(O)OP(=O)(O)OCC2CC(O)C(O)C2O)C(O)C1O: -10.0, 2
Nc1ncnc2c1ncn2C1OC(COP(=O)(O)OP(=O)(O)OCC2OC(N)C(O)C2O)C(O)C1OP(=O)(O)O: -10.0, 5
Nc1ncnc2c1ncn2C1OC(COP(=O)(O)OP(=O)(O)OCC2OC(O)C(O)C2O)C(OP(=O)(O)O)C1O: -10.0, 1
Nc1ncnc2c1ncn2C1OC(COP(=O)(O)OP(=O)(O)OP(=O)(O)OCC2CC(O)C(O)C2O)C(O)C1O: -10.0, 1
Nc1ncnc2c1ncn2C1OC(COP(=O)(O)OP(=O)(O)Oc2ccccc2)C(O)C1O: -10.0, 1
Nc1ncnc2c1ncn2C1OC(COc2ccccc2O)C(O)C1OP(=O)(O)OP(=O)(O)O: -10.0, 1
O=P(O)(O)C(c1ccccc1)P(=O)(O)OCC1OC(n2cnc3c(N)ncnc32)C(O)C1O: -10.0, 1
O=P1(O)OC(COP(=O)(O)OP(=O)(O)OCC2OC(n3cnc4c(N)ncnc43)C(O)C2O)C(O)C1O: -10.0, 3
P(=O)(O)C(Cc1ccccc1)OP(=O)(O)OP(=O)(O)OCC1OOC(n2cnc3c(N)ncnc32)C(O)C1O: -10.0, 1
PC1OC(OP(=O)(O)OP(=O)(O)OCC2OC(n3cnc4c(=O)[nH]c(N)nc43)C(O)C2O)C(O)C1O: -10.0, 1
CC1NC(O)C(O)C1OP(=O)(O)OP(=O)(O)OCC1OC(n2cnc3c(N)ncnc32)C(O)C1O: -9.9, 1
NC1OC(COP(=O)(O)OP(=O)(O)OCC2OC(n3cnc4c(=O)[nH]c(N)nc43)C(O)C2O)C(O)C1O: -9.9, 3
Nc1ncnc2c1ncn2C1OC(COP(=O)(O)NC(=O)c2ccccc2)C(O)C1O: -9.9, 3
Nc1ncnc2c1ncn2C1OC(COP(=O)(O)OC2C(CO)OC(n3cnc4c(N)ncnc43)C(OP(=O)(O)O)C2O)C(O)C1O: -9.9, 4
Nc1ncnc2c1ncn2C1OC(COP(=O)(O)OC2C(COP(=O)(O)O)C(O)C2O)OC1n1ccnc1: -9.9, 1
Nc1ncnc2c1ncn2C1OC(COP(=O)(O)OP(=O)(O)OCC2OC(N)C(O)C2OP(=O)(O)O)CC1O: -9.9, 1
Nc1ncnc2c1ncn2C1OC(COP(=O)(O)OP2(=O)OOP(=O)(O)O2)C(O)C1O: -9.9, 6
O=C(Nc1ccccn1)P(=O)(O)OCC1OC(n2cnc3c(N)ncnc32)C(O)C1O: -9.9, 1
O=C(Nc1cccnc1)P(=O)(O)OCC1OC(n2cnc3c(N)ncnc32)C(O)C1O: -9.9, 1
O=P(O)(O)C(Cc1ccccc1)P(=O)(O)OCC1OC(n2cnc3c(N)ncnc32)C(O)C1O: -9.9, 1
O=P1(O)OCC2OC(n3cnc4c(N)ncnc43)C(OP(=O)(O)OP(=O)(O)O2)C1O: -9.9, 1
c1ccc(C2C(COP(=O)(O)OP(=O)(O)O)OC(n3cnc4c(N)ncnc43)C2O)cc1: -9.9, 1
CC(=O)C(OP(=O)(O)O)C(=O)OP(=O)(O)OCC1OC(n2cnc3c(N)ncnc32)C(O)C1O: -9.8, 1
CC(C)(P(=O)(O)O)P(=O)(O)OP(=O)(O)OCC1OC(n2cnc3c(N)ncnc32)C(O)C1O: -9.8, 1
COc1nc(N)nc2c1ncn2C1OC(COP(=O)(O)OP(=O)(O)OP(=O)(O)O)C(O)C1O: -9.8, 1
Cc1ncnc2c1ncn2C1OC(COP(=O)(O)OP(=O)(O)OP(=O)(O)O)C(O)C1O: -9.8, 3
NC1OC(COP(=O)(O)OP(=O)(O)OCC2OC(n3cnc4c(=O)nc(N)[nH]c43)C(O)C2O)C(O)C1O: -9.8, 1
NC1OC(COP(=O)(O)OP(=O)(O)OCC2OC(n3cnc4c(N)ncnc43)C(OP(=O)(O)O)C2O)C(O)C1O: -9.8, 1
NC1OC(COP(=O)(O)OP(=O)(S)OCC2OC(n3cnc4c(N)ncnc43)C(OP(=O)(O)O)C2O)C(O)C1O: -9.8, 1
Nc1nc(=O)c2ncn(C3OC(COP(=O)(O)OP(=O)(O)OP(=O)(O)OP(=O)(O)O)C(O)C3O)c2[nH]1: -9.8, 1
Nc1ncnc2c1ncn2C1OC(CC(N)CC2CC(O)C(COP(=O)(O)OP(=O)(O)O)O2)C(O)C1O: -9.8, 1
Nc1ncnc2c1ncn2C1OC(CO)C(O)C1OC1OC(COP(=O)(O)O)C(O)C1O: -9.8, 6
Nc1ncnc2c1ncn2C1OC(COP(=O)(O)CP(=O)(O)OCC2OC(N)C(O)C2O)C(O)C1OP(=O)(O)O: -9.8, 1
Nc1ncnc2c1ncn2C1OC(COP(=O)(O)OC(=O)C2NC(=O)C(O)C2O)C(O)C1O: -9.8, 1
Nc1ncnc2c1ncn2C1OC(COP(=O)(O)OC2C(COP(=O)(O)O)C(O)C2O)C(O)C1OP(=O)(O)O: -9.8, 1
Nc1ncnc2c1ncn2C1OC(COP(=O)(O)OC2C(O)C(O)C(O)C2O)C(O)C1OP(=O)(O)O: -9.8, 1
Nc1ncnc2c1ncn2C1OC(COP(=O)(O)OC2C(O)C(O)OC2COP(=O)(O)O)C(O)C1OP(=O)(O)O: -9.8, 1
Nc1ncnc2c1ncn2C1OC(COP(=O)(O)OP(=O)(O)OP(=O)(O)OP(=O)(O)OP(=O)(O)O)CC1O: -9.8, 1
O=C(Nc1ncnc2c1ncn2C1OC(COP(=O)(O)OP(=O)(O)O)C(O)C1O)C(=O)O: -9.8, 1
O=C(O)C(=O)OP(=O)(O)OP(=O)(O)OP(=O)(O)OCC1OC(n2cnc3c(N)ncnc32)C(O)C1O: -9.8, 1
O=P(O)(O)OCC1CC(OP(=O)(O)OP(=O)(O)OCC2OC(n3cnc4c(N)ncnc43)C(O)C2O)C(O)C1O: -9.8, 1
COC1C(O)C(COP(=O)(O)OP(=O)(O)OP(=O)(O)O)OC(n3cnc4c(N)ncnc34)C(O)C1O: -9.7, 1
COP(=O)(O)OP(=O)(O)OP(=O)(O)OCC1OC(n2cnc3c(N)ncnc32)C(O)C1OP(=O)(O)O: -9.7, 1
COc1cccc(C(O)P(=O)(O)OP(=O)(O)OCC2OC(n3cnc4c(N)ncnc43)C(O)C2OP(=O)(O)O)c1: -9.7, 1
Cc1nc(N)c2ncn(C3OC(COP(=O)(O)OP(=O)(O)NP(=O)(O)O)C(O)C3O)c2n1: -9.7, 1
NC(=O)C1=CN(C2OC(COP(=O)(O)OP(=O)(O)O)C(O)C2O)c2nc(N)[nH]c(=O)c21: -9.7, 1
NC1OC(COP(=O)(O)OP(=O)(O)OCC2OC(n3cnc4c(N)ncnc43)C(O)C2O)C(O)C1O: -9.7, 5
NC1OC(COP(=O)(O)OP(=O)(O)OCC2OC(n3cnc4c(N)ncnc43)C(O)C2OP(=O)(O)O)C(O)C1O: -9.7, 2
Nc1nc(=O)c2ccn(C3OC(COP(=O)(O)OP(=O)(O)OP(=O)(O)O)C(O)C3O)c2[nH]1: -9.7, 1
Nc1nc(=O)c2ncn(C3OC(COP(=O)(O)O)C(OP(=O)(O)OP(=O)(O)O)C3O)c2[nH]1: -9.7, 29
Nc1nc(=O)c2ncn(C3OC(COP(=O)(O)OP(=O)(O)OP(=O)(O)O)C(O)C3O)c2[nH]1: -9.7, 306
Nc1nc2c(ncn2C2OC(COP(=O)(O)OP(O)O)C(OP(=O)(O)OP(=O)(O)O)C2O)c(=O)[nH]1: -9.7, 1
Nc1ncnc2c1ncn2C1OC(COC2OC(COP(=O)(O)O)C(O)C2O)C(O)C1O: -9.7, 1
Nc1ncnc2c1ncn2C1OC(COCC2OC(COP(=O)(O)OP(=O)(O)O)C(O)C2O)C(O)C1O: -9.7, 2
Nc1ncnc2c1ncn2C1OC(COP(=O)(O)NC(=O)C(N)Cc2cnc[nH]2)C(O)C1O: -9.7, 6
Nc1ncnc2c1ncn2C1OC(COP(=O)(O)O)C(O)C1OC1OC(COP(=O)(O)O)C(O)C1O: -9.7, 31
Nc1ncnc2c1ncn2C1OC(COP(=O)(O)OC(=O)C2NC(=O)NC2O)C(O)C1O: -9.7, 3
Nc1ncnc2c1ncn2C1OC(COP(=O)(O)OC(=O)C2OC(O)C(O)C2O)C(O)C1O: -9.7, 1
Nc1ncnc2c1ncn2C1OC(COP(=O)(O)OC2C(COP(=O)(O)OC3C(COP(O)O)OC(n4cnc5c(N)ncnc54)C3O)OC(n3cnc4c(N)ncnc34)C2O)C(O)C1O: -9.7, 1
Nc1ncnc2c1ncn2C1OC(COP(=O)(O)OC2C(O)C(O)C(O)C2O)C(O)C1O: -9.7, 11
Nc1ncnc2c1ncn2C1OC(COP(=O)(O)OC2C(O)C(O)OC2=O)C(O)C1OP(=O)(O)O: -9.7, 1
Nc1ncnc2c1ncn2C1OC(COP(=O)(O)OP(=O)(O)OCC2NC(O)C(O)C2O)C(O)C1O: -9.7, 1
Nc1ncnc2c1ncn2C1OC(COP(=O)(O)OP(=O)(O)OCC2OC(O)C(O)C2O)C(O)C1O: -9.7, 401
Nc1ncnc2c1ncn2C1OC(COP(=O)(O)OP(=O)(O)OP(=O)(O)OC)C(O)C1O: -9.7, 3
Nc1ncnc2c1ncn2C1OC(COP(=O)(O)OP(=O)(O)OP2(=O)OO2)C(O)C1OP(=O)(O)O: -9.7, 1
O=C(O)C(=O)NP(=O)(O)OCC1OC(n2cnc3c(N)ncnc32)C(O)C1O: -9.7, 1
O=C(O)C1OC(OP(=O)(O)OP(=O)(O)OCC2OC(n3cnc4c(N)ncnc43)C(O)C2O)C(O)C(O)C1O: -9.7, 6
O=C(O)C1OC(OP(=O)(O)OP(=O)(O)OCC2OC(n3cnc4c(N)ncnc43)C(O)C2O)C(O)C1O: -9.7, 2
O=P(O)(O)C(O)(Cc1ccccc1)P(=O)(O)OCC1OC(n2cnc3c(N)ncnc32)C(OP(=O)(O)O)C1O: -9.7, 1
P(=O)(OO)OCC1OC(n2cnc3c(NP(=O)(O)O)ncnc32)C(O)C1O: -9.7, 1
CC(=O)OP(=O)(O)OP(=O)(O)OCC1OC(n2cnc3c(N)ncnc32)C(O)C1OP(=O)(O)O: -9.6, 1
COP(=O)(O)OP(=O)(O)OP(=O)(O)OCC1OC(n2cnc3c(N)ncnc32)C(OP(=O)(O)O)C1O: -9.6, 1
Cc1cn(C2OC(COP(=O)(O)OP(=O)(O)O)C(O)C2O)c2ncnc(N)c1-2: -9.6, 2
Cc1nc(N)nc2c1ncn2C1OC(COP(=O)(O)OP(=O)(O)O)C(O)C1O: -9.6, 12
NC1=NC2C(OC(COP(=O)(O)OP(=O)(O)O)C(O)C2O)OC1n1cnc2c(N)ncnc21: -9.6, 1
NC1OC(COP(=O)(O)OP(=O)(O)OCC2OC(n3cnc4c(N)ncnc43)C(O)C2O)c(=O)[nH]1: -9.6, 1
NNc1ncnc2c1ncn2C1OC(COP(=O)(O)OP(=O)(O)OP(=O)(O)O)C(O)C1O: -9.6, 1
Nc1nc(=O)c2ncn(C3OC(COP(=O)(O)OP(=O)(O)O)C(OP(=O)(O)OP(=O)(O)O)C3O)c2[nH]1: -9.6, 20
Nc1nc2c(ncn2C2OC(COP(=O)(O)OP(=O)(O)OP(=O)(O)O)C(OP(=O)(O)O)C2O)c(=O)[nH]1: -9.6, 1
Nc1nc2c(ncn2C2OC(COP(=O)(O)OP(=O)(O)OP(O)O)C(O)C2O)c(=O)[nH]1: -9.6, 3
Nc1ncnc2c1ncn2C1OC(C2C(O)C(COP(=O)(O)OP(=O)(O)OP(=O)(O)O)O2)C(O)C1O: -9.6, 2
Nc1ncnc2c1ncn2C1OC(COP(=O)(O)CP(=O)(O)OP(=O)(O)OP(=O)(O)O)C(O)C1O: -9.6, 9
Nc1ncnc2c1ncn2C1OC(COP(=O)(O)CP(=O)(O)OP(O)O)C(O)C1O: -9.6, 19
Nc1ncnc2c1ncn2C1OC(COP(=O)(O)OC(=O)C(O)C(=O)C(=O)O)C(O)C1O: -9.6, 3
Nc1ncnc2c1ncn2C1OC(COP(=O)(O)OC(=O)C2NC(=O)NC2O)C(O)C1OP(=O)(O)O: -9.6, 1
Nc1ncnc2c1ncn2C1OC(COP(=O)(O)OC2C(COP(=O)(O)OC3C(COP(=O)(O)O)OC(n4cnc5c(N)ncnc54)C3O)OC(n3cnc4c(N)ncnc34)C2OP(=O)(O)O)C(O)C1O: -9.6, 1
Nc1ncnc2c1ncn2C1OC(COP(=O)(O)OC2C(COP(=O)(O)S)C(O)C(O)C2O)C(O)C1O: -9.6, 1
Nc1ncnc2c1ncn2C1OC(COP(=O)(O)OC2C(O)C(O)OC2COP(=O)(O)O)C(O)C1O: -9.6, 1
Nc1ncnc2c1ncn2C1OC(COP(=O)(O)OC2C(O)C(O)OC2O)C(O)C1OP(=O)(O)O: -9.6, 2
Nc1ncnc2c1ncn2C1OC(COP(=O)(O)OP(=O)(O)OP(=O)(O)C(F)(F)F)C(O)C1O: -9.6, 1
Nc1ncnc2c1ncn2C1OC(CO[PH]2(OP(=O)(O)O)OOP(=O)(O)O2)C(O)C1O: -9.6, 1
O=C(O)C(=O)OP(=O)(O)OP(=O)(O)OCC1OC(n2cnc3c(N)ncnc32)C(O)C1O: -9.6, 1
O=P(O)(O)C(O)(Cc1cccnc1)P(=O)(O)OCC1OC(n2cnc3c(N)ncnc32)C(O)C1O: -9.6, 6
O=c1nc[nH]c2c1ncn2C1OC(COP(=O)(O)OP(=O)(O)OP(=O)(O)O)C(O)C1O: -9.6, 1
CC(C)(OOP(=O)(O)OP(=O)(O)OCC1OC(n2cnc3c(N)ncnc32)C(O)C1O)P(=O)(O)O: -9.5, 1
CC(C)Nc1ncnc2c1ncn2C1OC(COP(=O)(O)OP(=O)(O)OP(=O)(O)OP(=O)(O)O)C(O)C1O: -9.5, 1
CC1=NC=C(C(=O)COP(=O)(O)OP(=O)(O)OCC2OC(n3cnc4c(N)ncnc43)C(O)C2O)O1: -9.5, 1
COC1C(O)C(COP(=O)(O)OP(=O)(O)OCC2OC(n3cnc4c(N)ncnc43)C(O)C2OP(=O)(O)O)C(O)C1O: -9.5, 1
NC(=O)C=CCOP(=O)(O)OP(=O)(O)OCC1OC(n2cnc3c(N)ncnc32)C(O)C1O: -9.5, 1
Nc1nc(=O)c2ncn(C3OC(COP(=O)(O)O)C(OP(=O)(O)OP(=O)(O)OP(=O)(O)O)C3O)c2[nH]1: -9.5, 1
Nc1nc(=O)c2ncn(C3OC(COP(=O)(O)OP(=O)(O)O)C(O)C3O)c2[nH]1: -9.5, 1047
Nc1nc2c(ccn2C2OC(COP(=O)(O)OP(=O)(O)O)C(O)C2O)c(=O)[nH]1: -9.5, 1
Nc1nc2c(ncn2C2OC(COP(=O)(O)OP(O)OP(=O)(O)O)C(O)C2O)c(=O)[nH]1: -9.5, 9
Nc1ncnc2c1ncn2C1OC(C(O)CO)C(O)C1OC1OC(COP(=O)(O)OP(=O)(O)O)C(O)C1O: -9.5, 1
Nc1ncnc2c1ncn2C1OC(COP(=O)(O)O)C(OC2OC(C(=O)O)C(O)C2O)C1O: -9.5, 2
Nc1ncnc2c1ncn2C1OC(COP(=O)(O)O)C(OP(=O)(O)OCC2CC(N)C(O)C2O)C1O: -9.5, 1
Nc1ncnc2c1ncn2C1OC(COP(=O)(O)O)C2OC3(OC21)C(C)(O)C(O)C(O)C3OP(=O)(O)O: -9.5, 1
Nc1ncnc2c1ncn2C1OC(COP(=O)(O)OC(=O)C2NC(O)C(O)C2O)C(O)C1O: -9.5, 1
Nc1ncnc2c1ncn2C1OC(COP(=O)(O)OC2C(O)C(O)OC2CO)C(O)C1OP(=O)(O)O: -9.5, 1
Nc1ncnc2c1ncn2C1OC(COP(=O)(O)OCC2OC(N)C(O)C2O)C(O)C1O: -9.5, 9
Nc1ncnc2c1ncn2C1OC(COP(=O)(O)OCC2OC(N)C(O)C2O)C(O)C1OP(=O)(O)O: -9.5, 1
Nc1ncnc2c1ncn2C1OC(COP(=O)(O)OP(=O)(O)NP(=O)(O)O)CC1O: -9.5, 1
Nc1ncnc2c1ncn2C1OC(COP(=O)(O)OP(=O)(O)O)C(O)C1OC1OC(COP(=O)(O)O)C(O)C1OP(=O)(O)O: -9.5, 1
Nc1ncnc2c1ncn2C1OC(COP(=O)(O)OP(=O)(O)OCC2OC(=O)C(O)C2O)C(O)C1O: -9.5, 2
Nc1ncnc2c1ncn2C1OC(COP(=O)(O)OP(=O)(O)OP(=O)(O)O)C(O)C1O: -9.5, 3483
Nc1ncnc2c1ncn2C1OC(COP(=O)(O)OP(=O)(O)OP(=O)(O)OP(=O)(O)O)C(O)C1O: -9.5, 53
Nc1ncnc2c1ncn2C1OC(COP(=O)(O)OP(=O)(O)OP2(=O)OO2)C(O)C1O: -9.5, 4
O=C1C=CC(OP(=O)(O)OCC2OC(n3cnc4c(N)ncnc43)C(O)C2O)C1: -9.5, 1
O=P(O)(O)C(OCc1cccnc1)P(=O)(O)OCC1OC(n2cnc3c(N)ncnc32)C(O)C1O: -9.5, 1
O=c1[nH]cnc2c1ncn2C1OC(COP(=O)(O)OP(=O)(O)OP(=O)(O)O)C(O)C1O: -9.5, 4
P#CC1OC(OP(=O)(O)OP(=O)(O)OCC2OC(n3cnc4c(=O)[nH]c(N)nc43)C(O)C2O)C(O)C1O: -9.5, 1
P(=O)(O)OC1C(O)C(OP(=O)(O)OCC2OC(n3cnc4c(N)ncnc43)C(O)C2OP(=O)(O)O)C(O)C1O: -9.5, 1
CC(O)(P(=O)(O)O)P(=O)(O)OCC1OC(n2cnc3c(N)ncnc32)C(O)C1O: -9.4, 2
COC1C(OP(=O)(O)OCC2OC(n3cnc4c(N)ncnc43)C(O)C2O)C(O)C(O)C1N: -9.4, 1
COC1C(OP(=O)(O)OCC2OC(n3cnc4c(N)ncnc43)C(O)C2OP(=O)(O)O)C(O)C1O: -9.4, 1
COC1C(OP(=O)(O)OP(=O)(O)OCC2OC(n3cnc4c(N)ncnc43)C(O)C2O)C(O)C1O: -9.4, 1
COc1nc(N)nc2c1ncn2C1OC(COP(=O)(O)OP(=O)(O)O)C(O)C1O: -9.4, 1
NC(=O)C1=CN(C2OC(COP(=O)(O)OP(O)O)C(O)C2O)c2[nH]c(N)nc(=O)c21: -9.4, 1
Nc1nc(=O)c2ncn(C3OC(COP(=O)(O)OP(=O)(O)OP(=O)(O)O)C(OP(=O)(O)OP(=O)(O)O)C3O)c2[nH]1: -9.4, 2
Nc1nc2c(ncn2C2OC(COP(=O)(O)OP(=O)(O)O)C(O)C2O)c(=O)[nH]1: -9.4, 1329
Nc1nc2c(ncn2C2OC(COP(=O)(O)OP(O)O)C(O)C2O)c(=O)[nH]1: -9.4, 24
Nc1ncnc2c1ncn2C1OC(C=CCCOP(=O)(O)OP(=O)(O)O)C(O)C1O: -9.4, 1
Nc1ncnc2c1ncn2C1OC(CO)C(OC2OC(COP(=O)(O)OP(=O)(O)O)C(O)C2O)C1O: -9.4, 1
Nc1ncnc2c1ncn2C1OC(COP(=O)(O)O)C(OC2OC(C(=O)O)C(O)C(O)C2O)C1O: -9.4, 1
Nc1ncnc2c1ncn2C1OC(COP(=O)(O)OC2C(COP(=O)(O)OC3C(COP(=O)(O)O)OC(n4cnc5c(N)ncnc54)C3O)OC(n3cnc4c(N)ncnc43)C2O)C(O)C1O: -9.4, 18
Nc1ncnc2c1ncn2C1OC(COP(=O)(O)OP(=O)(O)OP(=O)(O)O)C(O)C1OP(=O)(O)O: -9.4, 4
Nc1ncnc2c1ncn2C1OC(COP(=O)(O)OP(=O)(O)OP(N)(O)O)C(O)C1O: -9.4, 1
Nc1ncnc2c1ncn2C1OC(COP(=O)(O)OP(=O)(O)OP(O)O)C(O)C1O: -9.4, 3
Nc1ncnc2c1ncn2C1OC(COP(=O)(O)OP(=O)(O)SP(=O)(O)O)C(O)C1O: -9.4, 1
Nc1ncnc2c1ncn2C1OC(COP(O)OP(=O)(O)OP(=O)(O)O)C(O)C1O: -9.4, 3
Nc1ncnc2c1ncn2C1OC(CO[PH]2(OP(=O)(O)O)C(OP(=O)(O)O)C2O)C(O)C1O: -9.4, 1
P(=O)(O)OCC1OC(n2cnc3c(OP(=O)(O)O)cc(N)nc32)C(O)C1O: -9.4, 1
CC(N)C(C=O)C(O)C(=O)NP(=O)(O)OCC1OC(n2cnc3c(N)ncnc32)C(O)C1O: -9.3, 1
COP(=O)(O)OC1C(O)C(COP(=O)(O)OP(=O)(O)O)OC1n1cnc2c(N)ncnc21: -9.3, 1
COP(=O)(O)OP(=O)(O)OP(=O)(O)OCC1OC(n2cnc3c(N)ncnc32)C(O)C1O: -9.3, 3
COP(=O)(O)O[PH](=O)(O)OP(=O)(O)OCC1OC(n2cnc3c(N)ncnc32)C(O)C1O: -9.3, 1
Cc1nc(N)nc2c1ncn2C1OC(COP(=O)(O)OP(=O)(O)OP(=O)(O)O)C(O)C1O: -9.3, 1
Cc1ncnc2c1ncn2C1OC(COP(=O)(O)OP(=O)(O)O)C(O)C1O: -9.3, 4
Nc1nc2c(=O)ncn(C3OC(COP(=O)(O)O)C(O)C3O)c2[nH]1: -9.3, 1
Nc1nc2c(ncn2C2OC(COP(=O)(O)OP(=O)(O)O)C(OP(=O)(O)O)C2O)c(=O)[nH]1: -9.3, 33
Nc1nc2c(ncn2C2OC(COP(O)O)C(OP(=O)(O)P(=O)(O)O)C2O)c(=O)[nH]1: -9.3, 1
Nc1ncnc2c1ncn2C1OC(C2OC2COP(=O)(O)OP(=O)(O)O)C(O)C1OP(=O)(O)O: -9.3, 1
Nc1ncnc2c1ncn2C1OC(C2OC2COP(=O)(O)OP(=O)(O)O)C(OP(=O)(O)O)C1O: -9.3, 1
Nc1ncnc2c1ncn2C1OC(C2OP(=O)(O)OP(=O)(O)O)C2OC(CO)C(O)C1O: -9.3, 1
Nc1ncnc2c1ncn2C1OC(CC(O)COP(=O)(O)OC2C(O)C(O)C(O)C(O)C2O)C(O)C1O: -9.3, 1
Nc1ncnc2c1ncn2C1OC(COP(=O)(O)NP(=O)(O)O)C(O)C1O: -9.3, 310
Nc1ncnc2c1ncn2C1OC(COP(=O)(O)OC(=O)C(=O)O)C(O)C1O: -9.3, 4
Nc1ncnc2c1ncn2C1OC(COP(=O)(O)OC(=O)C(N)C(=O)O)C(O)C1O: -9.3, 22
Nc1ncnc2c1ncn2C1OC(COP(=O)(O)OC(=O)C(O)C(=O)O)C(O)C1O: -9.3, 4
Nc1ncnc2c1ncn2C1OC(COP(=O)(O)OC2C(COP(=O)(O)O)C(O)C2O)C(O)C1O: -9.3, 13
Nc1ncnc2c1ncn2C1OC(COP(=O)(O)OC2C(COP(=O)(O)OC3C(O)C(COP(=O)(O)O)OC(n4cnc5c(N)ncnc54)C3O)OC(n3cnc4c(N)ncnc43)C2O)C(O)C1O: -9.3, 1
Nc1ncnc2c1ncn2C1OC(COP(=O)(O)OCC(O)COP(=O)(O)O)C(O)C1O: -9.3, 1
Nc1ncnc2c1ncn2C1OC(COP(=O)(O)OO)C(O)C1OP(=O)(O)O: -9.3, 1
Nc1ncnc2c1ncn2C1OC(COP(=O)(O)OP(=O)(O)O)C(O)C1OC1OC(CO)C(O)C(O)C1O: -9.3, 1
Nc1ncnc2c1ncn2C1OC(COP(=O)(O)OP(=O)(O)O)C(O)C1OP(=O)(O)OP(=O)(O)O: -9.3, 2
Nc1ncnc2c1ncn2C1OC(COP(=O)(O)OP(=O)(O)OCC2OC(N)C(O)C2O)C(O)C1O: -9.3, 34
Nc1ncnc2c1ncn2C1OC(COP(=O)(O)OP(=O)(O)OP(=O)(O)OO)CC1O: -9.3, 1
Nc1ncnc2c1ncn2C1OC(COP(=O)(O)OP(=O)(O)OP(=O)(O)OP(=O)(O)OC)C(O)C1O: -9.3, 1
Nc1ncnc2c1ncn2C1OC(COP(=O)(O)OP(=O)(O)OP(=O)(O)OP(=O)(O)OP(=O)(O)O)C(O)C1O: -9.3, 2
O=P(O)(O)C(O)(P(=O)(O)OCC1OC(n2cnc3c(N)ncnc32)C(O)C1OP(=O)(O)O)C(O)C(N)=O: -9.3, 1
[NH]=C1C=CN(C2OC(COP(=O)(O)OP(=O)(O)O)C(O)C2O)c2ccc(N)nc21: -9.3, 1
CC1(O)C(COP(=O)(O)OP(=O)(O)O)OC(n2cnc3c(N)ncnc32)C1O: -9.2, 1
CC1OC(OC2(COP(=O)(O)O)OC(n3cnc4c(N)ncnc43)C(O)C2OP(=O)(O)O)C(O)C1O: -9.2, 1
CCOP(=O)(O)OP(=O)(O)OCC1OC(n2cnc3c(N)ncnc32)C(O)C1OP(=O)(O)O: -9.2, 12
COC1C(O)C(COP(=O)(O)OP(=O)(O)OP(=O)(O)O)OC1n1cnc2c(N)ncnc21: -9.2, 6
COP(=O)(O)OP(=O)(O)OCC1OC(n2cnc3c(N)ncnc32)C(O)C1OP(=O)(O)O: -9.2, 63
Cc1cn(C2OC(COP(=O)(O)OP(=O)(O)O)C(O)C2N)c2[nH]c(N)nc(=O)c12: -9.2, 2
Cc1nc(N)c2ncn(C3OC(COP(=O)(O)OP(=O)(O)O)C(O)C3O)c2n1: -9.2, 2
Nc1nc(=O)c2ncn(C3OC(C(O)COP(=O)(O)OP(=O)(O)O)C(O)C3O)c2[nH]1: -9.2, 1
Nc1nc2c(ncn2C2OC(COP(=O)(O)OP(=O)(O)O)CC2OP(=O)(O)O)c(=O)[nH]1: -9.2, 1
Nc1ncnc2c1ncn2C1OC(COP(=O)(O)CP(=O)(O)OCP(=O)(O)O)C(O)C1O: -9.2, 1
Nc1ncnc2c1ncn2C1OC(COP(=O)(O)NC(=O)CC(N)C=O)C(O)C1O: -9.2, 1
Nc1ncnc2c1ncn2C1OC(COP(=O)(O)NC(=O)CC(N)Cc2cnc[nH]2)C(O)C1O: -9.2, 1
Nc1ncnc2c1ncn2C1OC(COP(=O)(O)NP(=O)(O)NP(=O)(O)O)C(O)C1O: -9.2, 7
Nc1ncnc2c1ncn2C1OC(COP(=O)(O)NP(=O)(O)OP(=O)(O)O)C(O)C1O: -9.2, 19
Nc1ncnc2c1ncn2C1OC(COP(=O)(O)O)C(O)C1OC1OC(C(=O)O)C(O)C(O)C1O: -9.2, 1
Nc1ncnc2c1ncn2C1OC(COP(=O)(O)O)C(OP(=O)(O)NP(=O)(O)O)C1O: -9.2, 7
Nc1ncnc2c1ncn2C1OC(COP(=O)(O)OC2C(COP(=O)(O)OC3C(COP(=O)(O)OP(=O)(O)O)OC(n4cnc5c(N)ncnc54)C3O)OC(n3cnc4c(N)ncnc43)C2O)C(O)C1O: -9.2, 1
Nc1ncnc2c1ncn2C1OC(COP(=O)(O)OC2C(O)C(O)OC2)C(OP(=O)(O)O)C1O: -9.2, 1
Nc1ncnc2c1ncn2C1OC(COP(=O)(O)OP(=O)(O)CP(=O)(O)O)C(O)C1O: -9.2, 186
Nc1ncnc2c1ncn2C1OC(COP(=O)(O)OP(=O)(O)NP(=O)(O)O)C(O)C1O: -9.2, 513
Nc1ncnc2c1ncn2C1OC(COP(=O)(O)OP(=O)(O)O)C(OP(=O)(O)O)C1O: -9.2, 271
Nc1ncnc2c1ncn2C1OC(COP(=O)(O)OP(=O)(O)OP(=O)(O)O)CC1O: -9.2, 58
Nc1ncnc2c1ncn2C1OC(COP(=O)(O)OP(=O)(O)OP(=O)(O)OCC2OC(O)C(O)C2O)C(O)C1O: -9.2, 3
Nc1ncnc2c1ncn2C1OC(COP(=O)(O)OP(=O)(O)OP(=O)(O)OP(=O)(O)S)C(O)C1O: -9.2, 3
Nc1ncnc2c1ncn2C1OC(COP(=O)(O)OP(=O)(O)OPO)C(O)C1O: -9.2, 13
Nc1ncnc2c1ncn2C1OC(COP(=O)(O)OP(N)(=O)O)C(OP(=O)(O)O)C1O: -9.2, 1
Nc1ncnc2c1ncn2C1OC(COP(N)(=O)O)C(OP(=O)(O)O)C1O: -9.2, 2
O=C1C(O)C(COP(=O)(O)OP(=O)(O)O)OC1n1cnc2c(N)ncnc21: -9.2, 2
O=P(O)(O)NP(=O)(O)OCC1OC(n2cnc3c(N)ncnc32)C(O)C1O: -9.2, 11
O=c1[nH]c(N)nc2c1ncn2C1OC(COP(=O)(O)OP(=O)(O)O)C(O)C1O: -9.2, 1
Pc1ncnc2c1ncn2C1OC(COP(=O)(O)OP(=O)(O)OP(=O)(O)O)C(O)C1O: -9.2, 9
CC(P(=O)(O)O)P(=O)(O)OCC1OC(n2cnc3c(N)ncnc32)C(O)C1O: -9.1, 1
CNc1ncnc2c1ncn2C1OC(COP(=O)(O)OP(=O)(O)O)C(O)C1O: -9.1, 32
CNc1ncnc2c1ncn2C1OC(COP(=O)(O)OP(=O)(O)OP(=O)(O)O)C(O)C1O: -9.1, 2
COC1C(COP(=O)(O)OP(=O)(O)OP(=O)(O)O)OC(n2cnc3c(N)ncnc32)C1O: -9.1, 2
Cc1nc2c(N)ncnc2n1C1OC(COP(=O)(O)OP(=O)(O)O)C(O)C1O: -9.1, 1
NP(=O)(O)OP(=O)(O)OCC1OC(n2cnc3c(N)ncnc32)C(O)C1O: -9.1, 1
Nc1nc(F)nc2c1ncn2C1OC(COP(=O)(O)OP(=O)(O)O)C(O)C1O: -9.1, 5
Nc1nc2c(ncn2C2OC(COP(=O)(O)O)C(OP(=O)(O)OP(=O)(O)O)C2O)c(=O)[nH]1: -9.1, 18
Nc1nc2c(ncn2C2OC(COP(=O)(O)OP(O)O)C(OP(=O)(O)O)C2O)c(=O)[nH]1: -9.1, 13
Nc1nccc2c1ncn2C1OC(COP(=O)(O)CP(=O)(O)OP(=O)(O)O)C(O)C1O: -9.1, 1
Nc1nccc2c1ncn2C1OC(COP(=O)(O)O)C(O)C1OP(=O)(O)O: -9.1, 4
Nc1nccc2c1ncn2C1OC(COP(=O)(O)OP(=O)(O)OP(=O)(O)O)C(O)C1O: -9.1, 2
Nc1ncnc2c1[nH]c(=O)n2C1OC(COP(=O)(O)OP(=O)(O)O)C(O)C1O: -9.1, 1
Nc1ncnc2c1c(CO)cn2C1OC(COP(=O)(O)OP(=O)(O)O)C(O)C1O: -9.1, 1
Nc1ncnc2c1ccn2C1OC(COP(=O)(O)O)C(O)C1OC1OC(COP(=O)(O)O)C(O)C1O: -9.1, 1
Nc1ncnc2c1ncn2C1OC(COP(=O)(O)NP(=O)(O)OP(=O)(O)O)CC1O: -9.1, 1
Nc1ncnc2c1ncn2C1OC(COP(=O)(O)O)C(O)C1OC1OC(CO)C(O)C1O: -9.1, 6
Nc1ncnc2c1ncn2C1OC(COP(=O)(O)O)C2OC3(OC21)C(N)C(N)C3O: -9.1, 1
Nc1ncnc2c1ncn2C1OC(COP(=O)(O)OP(=O)(O)OP(=O)(O)CP(=O)(O)O)C(O)C1O: -9.1, 1
Nc1ncnc2c1ncn2C1OC(COP(=O)(O)OP(=O)(O)OP(=O)(O)O[PH](O)O)C(O)C1O: -9.1, 5
Nc1ncnc2c1ncn2C1OC(COP(=O)(O)OP(=O)(O)OP(=O)(O)S)C(O)C1O: -9.1, 137
O=C1C(O)C(O)C(COP(=O)(O)OP(=O)(O)O)OC1n1cnc2c(N)ncnc21: -9.1, 1
O=P(O)(O)C(O)(CC1OC(n2cnc3c(N)ncnc32)C(O)C1O)P(=O)(O)O: -9.1, 1
O=P(O)(O)OP(=O)(O)OCC1OC(n2cnc3c(N)ncnc32)C(O)C1O: -9.1, 4
O=c1[nH]cnc2c1ncn2C1OC(COP(=O)(O)OP(=O)(O)O)C(O)C1O: -9.1, 25
P(=O)(OO)OP(=O)(O)OCC1OC(n2cnc3c(N)ncnc32)C(O)C1O: -9.1, 2
Pc1nc(=O)c2ncn(C3OC(COP(=O)(O)OP(=O)(O)OP(=O)(O)O)C(O)C3O)c2[nH]1: -9.1, 2
CC1(COP(=O)(O)OP(=O)(O)O)OC(n2cnc3c(N)ncnc32)C(O)C1O: -9.0, 1
CNc1ccnc2c1ncn2C1OC(COP(=O)(O)OP(=O)(O)O)C(O)C1O: -9.0, 1
CNc1nccc2c1ncn2C1OC(COP(=O)(O)OP(=O)(O)O)C(O)C1O: -9.0, 1
Cc1nc(N)nc2c1ncn2C1OC(COP(=O)(O)O)C(OP(=O)(O)O)C1O: -9.0, 1
NC(=O)NC1C(O)C(O)C(COP(=O)(O)O)OC1n1cnc2c(N)ncnc21: -9.0, 1
Nc1nccc2c1ncn2C1OC(COP(=O)(O)OP(=O)(O)NP(=O)(O)O)C(O)C1O: -9.0, 1
Nc1ncnc2c1ccn2C1OC(COP(=O)(O)OP(=O)(O)OP(=O)(O)O)C(O)C1O: -9.0, 6
Nc1ncnc2c1cnn2C1OC(COP(=O)(O)OP(=O)(O)O)C(O)C1O: -9.0, 1
Nc1ncnc2c1ncn2C1OC(C(O)COP(=O)(O)O)C(O)C1OP(=O)(O)O: -9.0, 1
Nc1ncnc2c1ncn2C1OC(CC(O)COP(=O)(O)OP(=O)(O)O)C(O)C1O: -9.0, 2
Nc1ncnc2c1ncn2C1OC(COP(=O)(O)O)C(O)C1OC1OC(COP(=O)(O)O)C(OP(=O)(O)O)C1O: -9.0, 2
Nc1ncnc2c1ncn2C1OC(COP(=O)(O)O)C(OP(=O)(O)CP(=O)(O)O)C1O: -9.0, 5
Nc1ncnc2c1ncn2C1OC(COP(=O)(O)O)C(OP(=O)(O)OP(=O)(O)O)C1O: -9.0, 10
Nc1ncnc2c1ncn2C1OC(COP(=O)(O)OP(=O)(O)O)C(O)C1OC1OC(COP(=O)(O)O)C(O)C1O: -9.0, 1
Nc1ncnc2c1ncn2C1OC(COP(=O)(O)OP(=O)(O)OC)C(O)C1O: -9.0, 4
Nc1ncnc2c1ncn2C1OC(COP(=O)(O)OP(=O)(O)OCC2OC(O)C(O)C2O)C(N)C1O: -9.0, 1
Nc1ncnc2c1ncn2C1OC(COP(=O)(O)OP(=O)(O)OP(=O)(O)OP(=O)(O)O[PH](O)O)C(O)C1O: -9.0, 1
Nc1ncnc2c1ncn2C1OC(COP(N)(=O)OP(=O)(O)O)C(O)C1O: -9.0, 1
Nc1ncnc2c1ncn2C1OC(COP(N)(O)OP(=O)(O)O)C(O)C1O: -9.0, 1
Nc1ncnc2c1ncn2C1OC(COP(O)O)C(O)C1OP(=O)(O)O: -9.0, 28
O=C(O)C=CP(=O)(O)OP(=O)(O)OCC1OC(n2cnc3c(N)ncnc32)C(O)C1O: -9.0, 1
O=P(=O)(O)NP(=O)(O)OCC1OC(n2cnc3c(N)ncnc32)C(O)C1O: -9.0, 1
Pc1nc(=O)c2ncn(C3OC(COP(=O)(O)OP(=O)(O)O)C(O)C3O)c2[nH]1: -9.0, 1
Pc1ncnc2c1ncn2C1OC(COP(=O)(O)OP(=O)(O)NP(=O)(O)O)C(O)C1O: -9.0, 5
CC(=O)NP(=O)(O)OCC1OC(n2cnc3c(N)ncnc32)C(O)C1O: -8.9, 5
CC(N)C(=O)NP(=O)(O)OCC1OC(n2cnc3c(N)ncnc32)C(O)C1O: -8.9, 4
CC(OP(=O)(O)O)C(=O)OP(=O)(O)OCC1OC(n2cnc3c(N)ncnc32)C(O)C1O: -8.9, 1
COOP(=O)(O)OP(=O)(O)OCC1OC(n2cnc3c(N)ncnc32)C(O)C1O: -8.9, 1
COP(=O)(O)NP(=O)(O)OCC1OC(n2cnc3c(N)ncnc32)C(O)C1O: -8.9, 12
Cc1cn(C2OC(COP(=O)(O)OP(=O)(O)O)C(O)C2O)c2ncnc(N)c12: -8.9, 2
Nc1nc(=O)c2ncn(C3OC(COP(=O)(O)OP(=O)(O)O)C(OP(=O)(O)O)C3O)c2[nH]1: -8.9, 14
Nc1nc(=O)c2ncn(C3OC(COP(=O)(O)OP(=O)(O)OP(O)O)C(O)C3O)c2[nH]1: -8.9, 1
Nc1nc2c(=O)nc[nH]c2n1C1OC(COP(=O)(O)O)C(O)C1O: -8.9, 1
Nc1nccc2c1ncn2C1OC(COP(=O)(O)OP(=O)(O)O)C(O)C1O: -8.9, 3
Nc1ncnc2c1ncn2C1OC(C2OC2COP(=O)(O)OP(=O)(O)OP(=O)(O)O)C(O)C1O: -8.9, 2
Nc1ncnc2c1ncn2C1OC(CO)C(OP(=O)(O)OP(=O)(O)O)C1O: -8.9, 4
Nc1ncnc2c1ncn2C1OC(COCC(O)COP(=O)(O)OP(=O)(O)O)C(O)C1O: -8.9, 1
Nc1ncnc2c1ncn2C1OC(COP(=O)(O)NC(=O)C(N)C(O)O)C(O)C1O: -8.9, 1
Nc1ncnc2c1ncn2C1OC(COP(=O)(O)NP(=O)(O)O)C(OP(=O)(O)O)C1O: -8.9, 1
Nc1ncnc2c1ncn2C1OC(COP(=O)(O)OC(=O)C(N)C(O)O)C(O)C1O: -8.9, 2
Nc1ncnc2c1ncn2C1OC(COP(=O)(O)OC(=O)C(N)C=O)C(O)C1O: -8.9, 13
Nc1ncnc2c1ncn2C1OC(COP(=O)(O)OC2C(O)C(O)OC(CO)C2O)C(O)C1OP(=O)(O)O: -8.9, 1
Nc1ncnc2c1ncn2C1OC(COP(=O)(O)OP(=O)(O)CCP(=O)(O)O)C(O)C1O: -8.9, 1
Nc1ncnc2c1ncn2C1OC(COP(=O)(O)OP(=O)(O)O)C(O)C1O: -8.9, 9643
Nc1ncnc2c1ncn2C1OC(COP(=O)(O)OP(=O)(O)O)C(O)C1OP(=O)(O)O: -8.9, 1483
Nc1ncnc2c1ncn2C1OC(COP(=O)(O)OP(=O)(O)O)C(O)C1OP(O)O: -8.9, 2
Nc1ncnc2c1ncn2C1OC(COP(=O)(O)OP(N)(=O)O)C(O)C1O: -8.9, 35
Nc1ncnc2c1ncn2C1OC(COP(=O)(O)O[PH](=O)[O-])C(O)C1O: -8.9, 1
O=c1nc[nH]c2c1ncn2C1OC(COP(=O)(O)OP(=O)(O)O)C(O)C1O: -8.9, 6
P(=O)(O)OP(=O)(O)OCC1OC(n2cnc3c(N)ncnc32)C(OP(=O)(O)O)C1OP(=O)(O)O: -8.9, 1
Pc1ncnc2c1ncn2C1OC(COP(=O)(O)NP(=O)(O)O)C(O)C1O: -8.9, 1
[C](O)C(O)C(O)C(=O)NP(=O)(O)OCC1OC(n2cnc3c(N)ncnc32)C(O)C1O: -8.9, 1
C=CCOP(=O)(O)OP(=O)(O)OCC1OC(n2cnc3c(N)ncnc32)C(O)C1OP(=O)(O)O: -8.8, 1
CCOP(=O)(O)OP(=O)(O)OCC1OC(n2cnc3c(N)ncnc32)C(O)C1O: -8.8, 76
COP(=O)(O)OP(=O)(O)OCC1OC(n2ccc3c(N)ncnc32)C(O)C1O: -8.8, 1
COP(=O)(O)OP(=O)(O)OCC1OC(n2cnc3c(N)ncnc23)C(O)C1O: -8.8, 1
Cc1cn(C2OC(COP(=O)(O)O)C(OP(=O)(O)O)C2O)c2ncnc(N)c12: -8.8, 1
Cc1nc(N)nc2c1ncn2C1OC(COP(=O)(O)O)C(O)C1O: -8.8, 4
NC(=O)OP(=O)(O)OCC1OC(n2cnc3c(N)ncnc32)C(O)C1O: -8.8, 63
NC(=O)c1ncnc2c1ncn2C1OC(COP(=O)(O)O)C(O)C1O: -8.8, 4
Nc1nc(=O)c2ncn(C3OC(C(O)COP(=O)(O)O)C(O)C3O)c2[nH]1: -8.8, 3
Nc1nc(=O)c2ncn(C3OC(COP(=O)(O)O)C(O)C3O)c2[nH]1: -8.8, 1135
Nc1ncnc2c1ncn2C1OC(COC(CO)OP(=O)(O)OP(=O)(O)O)C(O)C1O: -8.8, 1
Nc1ncnc2c1ncn2C1OC(COP(=O)(O)NP(=O)(O)O)C(O)C1OP(=O)(O)O: -8.8, 5
Nc1ncnc2c1ncn2C1OC(COP(=O)(O)O)C(O)C1OP(=O)(N)O: -8.8, 1
Nc1ncnc2c1ncn2C1OC(COP(=O)(O)O)C(OP(=O)(O)O)C1OO: -8.8, 4
Nc1ncnc2c1ncn2C1OC(COP(=O)(O)O)C(OP(=O)(O)O)C1OP(=O)(O)O: -8.8, 10
Nc1ncnc2c1ncn2C1OC(COP(=O)(O)OC(=O)C=O)C(O)C1O: -8.8, 1
Nc1ncnc2c1ncn2C1OC(COP(=O)(O)OC2C(COP(=O)(O)OC3C(COP(=O)(O)O)OC(n4cnc5c(N)ncnc54)C3O)OC(n3cnc4c(N)ncnc43)C2O)C(OP(=O)(O)O)C1O: -8.8, 2
Nc1ncnc2c1ncn2C1OC(COP(=O)(O)OC2C(O)C(O)C(O)C(OP(=O)(O)O)C2O)C(O)C1O: -8.8, 1
Nc1ncnc2c1ncn2C1OC(COP(=O)(O)OP(=O)(O)OCP(=O)(O)O)C(O)C1O: -8.8, 2
Nc1ncnc2c1ncn2C1OC(COP(=O)(O)OP(=O)(O)OP(=O)(O)O[PH](=O)O)C(O)C1O: -8.8, 13
Nc1ncnc2c1ncn2C1OC(COP(=O)(S)OP(=O)(O)O)C(O)C1O: -8.8, 57
Nc1ncnc2ncn(C3OC(COP(=O)(O)OP(=O)(O)OP(=O)(O)O)C(O)C3O)c12: -8.8, 1
O=C1C(O)C(COP(=O)(O)O)OC1n1cnc2c(N)ncnc21: -8.8, 1
O=P(O)(O)OCC1OC(n2cnc3c(NP(=O)(O)O)ncnc32)C(O)C1O: -8.8, 4
PP(=O)(O)OCC1OC(n2cnc3c(N)ncnc32)C(OP(=O)(O)O)C1OP(=O)(O)O: -8.8, 1
Pc1nc(N)nc2c1ncn2C1OC(COP(=O)(O)O)C(OP(=O)(O)O)C1O: -8.8, 1
c1ncnc2c1ncn2C1OC(COP(=O)(O)OP(=O)(O)O)C(O)C1O: -8.8, 1
CC(O)P(=O)(O)OP(=O)(O)OCC1OC(n2cnc3c(N)ncnc23)C(O)C1O: -8.7, 1
COC1C(COP(=O)(O)OP(=O)(O)O)OC(n2cnc3c(N)ncnc32)C1O: -8.7, 1
COP(=O)(O)OP(=O)(O)OCC1OC(n2cnc3c(N)ncnc32)C(OP(=O)(O)O)C1O: -8.7, 21
Cc1nc(N)cc2c1ncn2C1OC(COP(=O)(O)O)C(O)C1O: -8.7, 1
NC(=O)c1ncnc2c1ncn2C1OC(COP(=O)(O)OP(=O)(O)O)C(O)C1OP(=O)(O)O: -8.7, 1
Nc1nc(=O)c2ncn(C3OC(COP(O)O)C(OP(=O)(O)OP(=O)(O)O)C3O)c2[nH]1: -8.7, 2
Nc1nc2c(ncn2C2OC(COP(=O)(O)OP(N)(=O)O)C(O)C2O)c(=O)[nH]1: -8.7, 7
Nc1nc2ncn(C3OC(COP(=O)(O)OP(=O)(O)O)C(O)C3O)c2[nH]1: -8.7, 2
Nc1ncnc2c1ncn2C1OC(CC(O)COP(=O)(O)O)C(O)C1OP(=O)(O)O: -8.7, 2
Nc1ncnc2c1ncn2C1OC(CO)C(N)C(O)C1OP(=O)(O)O: -8.7, 1
Nc1ncnc2c1ncn2C1OC(CO)C(O)C(O)C1OP(=O)(O)O: -8.7, 2
Nc1ncnc2c1ncn2C1OC(CO)C(O)C1OP(=O)(O)OP(=O)(O)O: -8.7, 3
Nc1ncnc2c1ncn2C1OC(COCP(=O)(O)OP(=O)(O)O)C(O)C1O: -8.7, 1
Nc1ncnc2c1ncn2C1OC(COP(=O)(O)CP(=O)(O)O)C(O)C1O: -8.7, 2143
Nc1ncnc2c1ncn2C1OC(COP(=O)(O)CP(=O)(O)OP(=O)(O)O)C(O)C1O: -8.7, 1855
Nc1ncnc2c1ncn2C1OC(COP(=O)(O)O)C(O)C1NC(C)=O: -8.7, 1
Nc1ncnc2c1ncn2C1OC(COP(=O)(O)O)C(O)C1OP(O)O: -8.7, 34
Nc1ncnc2c1ncn2C1OC(COP(=O)(O)OC2C(O)COC2C(O)C(O)CO)OC1P(=O)(O)O: -8.7, 1
Nc1ncnc2c1ncn2C1OC(COP(=O)(O)OP(=O)(O)O)CC1O: -8.7, 18
Nc1ncnc2c1ncn2C1OC(COP(=O)(O)OP(=O)(O)OCC(O)CO)C(O)C1O: -8.7, 3
Nc1ncnc2c1ncn2C1OC(COP(=O)(O)OP(=O)(O)S)C(O)C1O: -8.7, 15
Nc1ncnc2c1ncn2C1OC(COP(=O)(S)OP(=O)(O)OP(=O)(O)O)C(O)C1O: -8.7, 24
Nc1ncnc2c1ncn2C1OC(CO[P+](=O)[O-])C(OP(=O)(O)O)C1O: -8.7, 1
P(=O)(O)OP(=O)(O)OCC1OC(n2cnc3c(N)ncnc32)C(O)C1O: -8.7, 9
PC(=O)NC1C(O)C(COP(=O)(O)OP(=O)(O)O)OC(n2cnc3c(N)ncnc32)C1O: -8.7, 1
PP(=O)(O)OCC1OC(n2cnc3c(=O)nc(N)[nH]c32)C(O)C1O: -8.7, 1
c1nc(=O)c2ncn(C3OC(COP(=O)(O)OP(=O)(O)O)C(O)C3O)c2[nH]1: -8.7, 1
BrC(COP(=O)(O)OP(=O)(O)O)CC1OC(n2cnc3c(N)ncnc32)C(O)C1O: -8.6, 1
CC(O)NC1C(O)C(n2cnc3c(N)ncnc32)OC(COP(=O)(O)O)C1O: -8.6, 1
COC1C(COP(O)OP(=O)(O)OP(=O)(O)O)OC(n2cnc3c(N)ncnc32)C1O: -8.6, 1
COP(=O)(O)OP(=O)(O)OCC1OC(n2cnc3c(N)ncnc32)C(O)C1O: -8.6, 325
Nc1cccc2c1ncn2C1OC(COP(=O)(O)OP(=O)(O)O)C(O)C1OP(=O)(O)O: -8.6, 1
Nc1nc2c(ncn2C2OC(COP(O)O)C(OP(=O)(O)OP(=O)(O)O)C2O)c(=O)[nH]1: -8.6, 7
Nc1ncnc2c1ccn2C1OC(COP(=O)(O)O)C(OP(=O)(O)O)C1O: -8.6, 5
Nc1ncnc2c1ncn2C1OC(C2OP(=O)(O)OC(CO)C2O)C(O)C1OP(=O)(O)O: -8.6, 1
Nc1ncnc2c1ncn2C1OC(CC(O)COP(=O)(O)O)C(O)C1O: -8.6, 7
Nc1ncnc2c1ncn2C1OC(COP(=O)(O)NC(=O)C(N)C=O)C(O)C1O: -8.6, 2
Nc1ncnc2c1ncn2C1OC(COP(=O)(O)O)C(=O)C1=O: -8.6, 69
Nc1ncnc2c1ncn2C1OC(COP(=O)(O)O)C(=O)c1O: -8.6, 1
Nc1ncnc2c1ncn2C1OC(COP(=O)(O)O)C(O)C1=O: -8.6, 1
Nc1ncnc2c1ncn2C1OC(COP(=O)(O)O)C(O)C1OP(O)(O)O: -8.6, 22
Nc1ncnc2c1ncn2C1OC(COP(=O)(O)OC(=O)O)C(O)C1O: -8.6, 1
Nc1ncnc2c1ncn2C1OC(COP(=O)(O)OP(=O)(O)O)C(O)C1OO: -8.6, 1
Nc1ncnc2c1ncn2C1OC(COP(=O)(O)OP(=O)(O)O)C1O: -8.6, 4
Nc1ncnc2c1ncn2C1OC(COP(=O)(O)OP(=O)(S)O)C(O)C1O: -8.6, 1
Nc1ncnc2c1ncn2C1OC(COP(=O)(O)OP2(=O)OO2)C(O)C1O: -8.6, 7
Nc1ncnc2c1ncn2C1OC(COP(=O)(O)O[PH](=O)(O)O)C(O)C1O: -8.6, 1
Nc1ncnc2c1ncn2C1OC(COP(=O)(S)OP(=O)(O)O)C(OP(=O)(O)O)C1O: -8.6, 2
Nc1ncnc2c1ncn2C1OC(COP(=O)(S)OP(=O)(O)OP(O)O)C(O)C1O: -8.6, 1
Nc1ncnc2c1ncn2C1OC(COP(N)(=O)O)C(O)C1OP(=O)(O)O: -8.6, 1
Nc1ncnc2c1ncn2C1OC(CO[P+](=O)(O)OP(=O)(O)O)C(O)C1O: -8.6, 1
Nc1ncnc2c1ncn2C1OC(CO[P+](=O)[O-])C(O)C1OP(=O)(O)O: -8.6, 1
Nc1ncnc2c1ncn2C1OCC(OP(=O)(O)OP(=O)(O)O)C1O: -8.6, 2
O=P(O)(OCC1OC(n2cnc3c(=O)[nH]c(N)nc32)C(O)C1O)C(O)C=O: -8.6, 1
PP(=O)(O)OP(=O)(O)OP(=O)(O)OCC1OC(n2cnc3c(N)ncnc32)C(O)C1O: -8.6, 1
CC(=O)NP(=O)(O)OCC1OC(n2cnc3c(N)ncnc23)C(O)C1O: -8.5, 1
CC(C)OP(=O)(O)OP(=O)(O)OCC1OC(n2cnc3c(N)ncnc32)C(O)C1O: -8.5, 11
Nc1nc2c(ncn2C2OC(COP(=O)(O)OP(N)O)C(O)C2O)c(=O)[nH]1: -8.5, 5
Nc1ncnc2c1ncn2C1OC(COP(=O)(=O)O)C(O)C1O: -8.5, 1
Nc1ncnc2c1ncn2C1OC(COP(O)OP(=O)(O)O)C(O)C1O: -8.5, 7
Nc1ncnc2c1ncn2C1OC(COP(O)OP(=O)(O)O)C(OP(=O)(O)O)C1O: -8.5, 1
Nc1ncnc2c1ncn2C1OC(COP(O)OP(=O)(O)OP(=O)(O)S)C(O)C1O: -8.5, 1
O=P1(O)OCC2OC(n3cnc4c(N)ncnc43)C(OP(=O)(O)O)C12: -8.5, 1
P(=O)(O)NP(=O)(O)OCC1OC(n2cnc3c(N)ncnc32)C(O)C1O: -8.5, 5
P(=O)(O)OP(=O)(O)OCC1OC(n2cnc3c(N)ncnc32)C(O)C1OP(=O)(O)O: -8.5, 1
Pc1nc(N)nc2c1ncn2C1OC(COP(=O)(O)O)C(O)C1O: -8.5, 1
Cc1nc(N)c2ncn(C3OC(COP(=O)(O)O)C(O)C3O)c2n1: -8.4, 5
Nc1nccc2c1ncn2C1OC(COP(=O)(O)O)C(OP(=O)(O)O)C1O: -8.4, 1
Nc1ncnc2c1ccn2C1OC(COP(=O)(O)OP(=O)(O)O)C(O)C1O: -8.4, 21
Nc1ncnc2c1ccn2C1OC(COP(=O)(O)OP(=O)(O)O)C(O)C1OP(=O)(O)O: -8.4, 1
Nc1ncnc2c1ncn2C1OC(COP(=O)(O)O)C(O)C1OP(=O)(O)O: -8.4, 7665
Nc1ncnc2c1ncn2C1OC(COP(=O)(O)O)CC1O: -8.4, 5
Nc1ncnc2c1ncn2C1OC(COP(=O)(S)OP(=O)(O)OP(=O)(O)S)C(O)C1O: -8.4, 1
Nc1ncnc2c1ncn2C1OC(COP(=O)(S)OP(N)(=O)O)C(O)C1O: -8.4, 1
Nc1ncnc2c1ncn2C1OC(CO[P+](=O)(O)O)C(O)C1O: -8.4, 3
Nc1ncnc2ncn(C3OC(COP(=O)(O)OP(=O)(O)O)C(O)C3O)c12: -8.4, 1
PCOP(=O)(O)OP(=O)(O)OCC1OC(n2cnc3c(N)ncnc32)C(O)C1O: -8.4, 1
PP(=O)(O)OCC1OC(n2cnc3c(N)ncnc32)C(OP(=O)(O)O)C1O: -8.4, 2
Pc1ncnc2c1ncn2C1OC(COP(=O)(O)OP(=O)(O)O)C(O)C1O: -8.4, 7
Nc1nc(=O)c2ncn(C3OC(COP(=O)(O)OP(O)O)C(O)C3O)c2[nH]1: -8.3, 1
Nc1nc2c(ncn2C2OC(COP(=O)(O)O)C(O)C2O)c(=O)[nH]1: -8.3, 1037
Nc1ncnc2c1ncn2C1OC(COP(=O)(O)N)C(OP(=O)(O)O)C1O: -8.3, 1
Nc1ncnc2c1ncn2C1OC(COP(=O)(O)O)C(=O)C1O: -8.3, 56
Nc1ncnc2c1ncn2C1OC(COP(=O)(O)O)C(O)C1OO: -8.3, 4
Nc1ncnc2c1ncn2C1OC(COP(=O)(O)O)C(OP(=O)(O)CC(CO)O)C1O: -8.3, 1
Nc1ncnc2c1ncn2C1OC(COP(=O)(O)OP(O)O)C(O)C1OP(=O)(O)O: -8.3, 2
Nc1ncnc2c1ncn2C1OC(COP(O)O)C(OP(=O)(O)O)C1O: -8.3, 10
Nc1ncnc2ncn(C3OC(COP(=O)(O)O)C(O)C3O)c12: -8.3, 1
P(O)(O)NP(=O)(O)OCC1OC(n2cnc3c(N)ncnc32)C(O)C1O: -8.3, 1
Nc1nc2c(N)ncnc2n1C1OC(COP(=O)(O)O)C(O)C1O: -8.2, 5
Nc1nccc2ncn(C3OC(COP(=O)(O)O)C(OP(=O)(O)O)C3O)c12: -8.2, 1
Nc1ncnc2c1c(C#N)cn2C1OC(COP(=O)(O)O)C(O)C1O: -8.2, 3
Nc1ncnc2c1ncn2C1OC(CC(O)C(O)CO)C(O)C1OP(=O)(O)O: -8.2, 1
Nc1ncnc2c1ncn2C1OC(CO)C(NC(=O)C1OC(CO)C(O)C(O)C1OP(=O)(O)O)C(O)C1O: -8.2, 1
Nc1ncnc2c1ncn2C1OC(CO)C(O)C1OP(=O)(O)O: -8.2, 269
Nc1ncnc2c1ncn2C1OC(COC(N)C=O)C(O)C1OP(=O)(O)O: -8.2, 2
Nc1ncnc2c1ncn2C1OC(COC(N)C=O)C(OP(=O)(O)O)C1O: -8.2, 1
Nc1ncnc2c1ncn2C1OC(COP(=O)(O)O)C(=O)C1N: -8.2, 2
Nc1ncnc2c1ncn2C1OC(COP(=O)(O)O)C(OP(=O)(O)O)C1O: -8.2, 4942
Nc1ncnc2c1ccn2C1OC(COP(=O)(O)O)C(O)C1OP(=O)(O)O: -8.1, 7
Nc1ncnc2c1ncn2C1OC(C(O)CO)C(O)C1OP(=O)(O)O: -8.1, 2
Nc1ncnc2c1ncn2C1OC(CCOP(=O)(O)O)C(O)C1O: -8.1, 2
Nc1ncnc2c1ncn2C1OC(CO)C(NP(=O)(O)O)C1O: -8.1, 3
Nc1ncnc2c1ncn2C1OC(COP(=O)(O)O)C(O)C1O: -8.1, 10269
Nc1ncnc2c1ncn2C1OC(COP(=O)(O)O)C(OP(=O)(O)O)C1OC1OC(CO)C(O)C(O)C1O: -8.1, 1
P(=O)(OO)OCC1OC(n2cnc3c(N)ncnc32)C(O)C1O: -8.1, 1
PC1=CN(C2OC(COP(=O)(O)OP(=O)(O)O)C(O)C2O)c2[nH]c(N)nc(=O)c21: -8.1, 1
PP(=O)(OO)OCC1OC(n2cnc3c(N)ncnc32)C(O)C1O: -8.1, 1
Nc1ncnc2c1ccn2C1OC(COP(=O)(O)O)C(O)C1O: -8.0, 57
Nc1ncnc2c1ncn2C1OC(COP(=O)(O)OP(O)O)C(O)C1O: -8.0, 16
PC(=O)OP(=O)(O)OCC1OC(n2cnc3c(N)ncnc32)C(O)C1O: -8.0, 3
Pc1nc(N)nc2c1ncn2C1OC(COP(O)O)C(O)C1O: -8.0, 1
NP(=O)(O)OCC1OC(n2cnc3c(N)ncnc32)C(O)C1O: -7.9, 3
Nc1nccc2c1ncn2C1OC(COP(=O)(O)O)C(O)C1O: -7.9, 2
Nc1ncnc2c1ncn2C1OC(CO)C(N)C1OP(=O)(O)O: -7.9, 2
Nc1ncnc2c1ncn2C1OC(COP(N)(=O)O)C(O)C1O: -7.9, 32
Nc1ncnc2c1ncn2C1OC(COP(O)O)C(O)C1O: -7.9, 364
Nc1ncnc2c1ncn2C1OC(COP(=O)(O)O)C(O)C1N: -7.8, 5
Nc1ncnc2c1ncn2C1OC(COP=O)C(O)C1OP(=O)(O)O: -7.8, 4
Nc1ncnc2c1ncn2C1OCC(OP(=O)(O)O)C1O: -7.8, 11
PP(=O)(O)OCC1OC(n2cnc3c(N)ncnc32)C(O)C1O: -7.8, 8
