CCCNC(=N)N=CCCC(NC(=N)N)C(=O)O: -7.4, 1
N=C(N)N=CCCC(=N)NCCCC(N)C(=O)O: -7.3, 1
N=C(N)NCCCC(NC(=N)NCCCCN)C(=O)O: -7.2, 1
N=C(NCCCC(N)C(=O)O)N=CC(=O)O: -7.2, 3
N=C(N)NCCCC(N=C(N)N)C(=O)O: -7.1, 3
N=C(N=C(N)N)NCCCC(N)C(=O)O: -7.0, 1
N=C(NCCCC(N)C(=O)O)N=Cc1ccccc1: -7.0, 1
N=C(N=CC#N)NCCCCC(N)C(=O)O: -6.9, 1
NC(N)=NCCCCNC(=N)N=CC(=O)O: -6.9, 1
NC(N=CCCCNC(=N)N)CCCC(N)C(=O)O: -6.9, 1
CC(C)=NC(=N)NCCCC(N)C(=O)O: -6.8, 2
N=C(N)NC(N)=NCCCC(N)C(=O)O: -6.8, 1
N=C(N)NCCC=CC(N)C(=O)O: -6.8, 6
N=C(N)NCCCC(NC(=N)N)C(=O)O: -6.8, 1
N=C(N)N=CNCCC(N)C(=O)O: -6.7, 1
N=C(N)NC(CCCCN)C(=O)O: -6.7, 1
CCC=NC(=N)NCCCC(N)C(=O)O: -6.6, 1
N=C(N)N=CCCCC(N)C(=O)O: -6.6, 17
N=C(N)N=CNCCCC(N)C(=O)O: -6.6, 1
N=C(N)NCCCCC(=N)C(=O)O: -6.6, 1
N=C(N)NCCCCCC(N)C(=O)O: -6.6, 43
N=C(N)NCCCCCCCC(N)C(=O)O: -6.6, 13
NC(CCCC=NC(N)=N)C(=O)O: -6.6, 2
NCCCCCNC(=N)NCCCC(N)C(=O)O: -6.6, 1
NCCNC(=N)N=CCCC(N)C(=O)O: -6.6, 1
NCCNC(=N)NCCCC(N)C(=O)O: -6.6, 2
CC(C)NC(=N)NCCCC(N)C(=O)O: -6.5, 3
N=C(NCCCC(N)C(=O)O)N=C(N)N: -6.5, 4
N=C(NCCCCNC(=N)N)NCCCC(N)C(=O)O: -6.5, 1
NCCCC(NC(=N)N)C(=O)O: -6.5, 1
CC=NC(=N)NC(=N)NCCCC(N)C(=O)O: -6.4, 1
CCNC(=N)N=CCCCC(N)C(=O)O: -6.4, 1
N=C(N)NCCCCCCC(N)C(=O)O: -6.4, 6
N=C(NCCCC(N)C(=O)O)N=CC=O: -6.4, 4
N=CNC(=N)NCCCC(N)C(=O)O: -6.4, 10
NC(=N)NCCCC(N)C(=O)O: -6.4, 8
NC(CCCCNC(N)N)C(=O)O: -6.4, 15
NC(N)=NCCCCNC(=N)N=CCCC(N)C(=O)O: -6.4, 1
NC(N)N=CCCCC(N)C(=O)O: -6.4, 1
CC(C)N=C(N)NCCCC(N)C(=O)O: -6.3, 1
CCCNC(=N)N=CCCC(N)C(=O)O: -6.3, 1
CCNC(=N)N=CCCC(N)C(=O)O: -6.3, 42
N=C(N)N=CCCC(N)C(=O)O: -6.3, 336
N=C(N)NCCCCC(N)C(=O)O: -6.3, 1337
N=C(N)NCCCCCCCCCC(N)C(=O)O: -6.3, 3
N=C(NCCNC(=N)N)C(=O)O: -6.3, 1
NC(CCCCN=C(N)N)C(=O)O: -6.3, 21
NC(CCCCNC(=N)N)C(=O)O: -6.3, 9
NC(CCCNC(N)N)C(=O)O: -6.3, 15
NC(N)=NCCCCC(N)C(=O)O: -6.3, 251
NCCCN=C(N)NCCCC(N)C(=O)O: -6.3, 1
SC=NC(=N)NCCCC(N)C(=O)O: -6.3, 6
SC=NC(CCCNC(=N)N)C(=O)O: -6.3, 3
SCCCNC(=N)N=CCCC(N)C(=O)O: -6.3, 1
C#CNC(=N)NCCCC(N)C(=O)O: -6.2, 1
C=CCNC(=N)N=CCCC(N)C(=O)O: -6.2, 1
CC=CNC(=N)NCCCC(N)C(=O)O: -6.2, 1
CCNC(N)N=CCCC(N)C(=O)O: -6.2, 1
N=C(N)NCCCC(N)C(=O)O: -6.2, 7203
N=C(N)NCCCC(N)C(O)O: -6.2, 4
N=C(N)NCCCC=CC(=O)O: -6.2, 1
N=C(N)NCCCCCCCCC(N)C(=O)O: -6.2, 3
N=C(NCCCC(N)C(=O)O)N: -6.2, 1
NC(CCCCCN=C(N)N)C(=O)O: -6.2, 1
NC(CCCNC(=N)N)C(=O)O: -6.2, 20
NC(CCCNC(N)=N)C(=O)O: -6.2, 12
NC(N)N=CCCC(N)C(=O)O: -6.2, 6
NCCCCC(N=C(N)N)C(=O)O: -6.2, 2
N=C(N)NCCCC(=N)C(=O)O: -6.1, 8
NC(=NCCCC(N)C(=O)O)N: -6.1, 1
NC(N)=NCCCC(N)C(=O)O: -6.1, 2190
NC(N)NCCCC(N)C(=O)O: -6.1, 4
NCCCCN=C(NCCCCC(N)C(=O)O)N: -6.1, 1
N=C(N)NCCC=CC(=O)O: -6.0, 2
NC(N)=NCCCC(=N)C(=O)O: -6.0, 6
PCCNC(=N)NCCCC(N)C(=O)O: -6.0, 3
SCCN=C(N)NCCCC(N)C(=O)O: -6.0, 1
C=CNC(=N)NCCCC(N)C(=O)O: -5.9, 1
NC(CCCN=C(N)N)C(=O)O: -5.9, 9
NC(N)=NCCC(N)C(=O)O: -5.9, 1
CN=C(N)NCCCC(N)C(=O)O: -5.8, 2
CNC(=N)NCCCC(N)C(=O)O: -5.7, 308
PCCNC(=N)N=CC(=O)O: -5.6, 1
N=C(N)NCCCC(=O)O: -5.5, 1
N=CNCCCCC(N)C(=O)O: -5.5, 2
NC(CCNC(=N)N)C(=O)O: -5.5, 1
PC(=N)NCCCC(N)C(=O)O: -5.4, 1
N=CNCCCC(N)C(=O)O: -5.1, 60
